#
# There is insufficient memory for the Java Runtime Environment to continue.
# Native memory allocation (mmap) failed to map 134217728 bytes for Failed to commit area from 0x0000000081400000 to 0x0000000089400000 of length 134217728.
# Possible reasons:
#   The system is out of physical RAM or swap space
#   The process is running with CompressedOops enabled, and the Java Heap may be blocking the growth of the native heap
# Possible solutions:
#   Reduce memory load on the system
#   Increase physical memory or swap space
#   Check if swap backing store is full
#   Decrease Java heap size (-Xmx/-Xms)
#   Decrease number of Java threads
#   Decrease Java thread stack sizes (-Xss)
#   Set larger code cache with -XX:ReservedCodeCacheSize=
#   JVM is running with Unscaled Compressed Oops mode in which the Java heap is
#     placed in the first 4GB address space. The Java Heap base address is the
#     maximum limit for the native heap growth. Please use -XX:HeapBaseMinAddress
#     to set the Java Heap base and to place the Java Heap above 4GB virtual address.
# This output file may be truncated or incomplete.
#
#  Out of Memory Error (./open/src/hotspot/os/windows/os_windows.cpp:3315), pid=17260, tid=10524
#
# JRE version:  (14.0.1+7) (build )
# Java VM: Java HotSpot(TM) 64-Bit Server VM (14.0.1+7, mixed mode, sharing, tiered, compressed oops, g1 gc, windows-amd64)
# No core dump will be written. Minidumps are not enabled by default on client versions of Windows
#

---------------  S U M M A R Y ------------

Command Line: -Dfile.encoding=Cp1252 Tokenize

Host: Intel(R) Core(TM) i7-7500U CPU @ 2.70GHz, 4 cores, 7G,  Windows 10 , 64 bit Build 18362 (10.0.18362.778)
Time: Tue May 19 09:30:42 2020 India Standard Time elapsed time: 0 seconds (0d 0h 0m 0s)

---------------  T H R E A D  ---------------

Current thread (0x00000270b9ae4800):  JavaThread "Unknown thread" [_thread_in_vm, id=10524, stack(0x000000e8e5900000,0x000000e8e5a00000)]

Stack: [0x000000e8e5900000,0x000000e8e5a00000]
Native frames: (J=compiled Java code, j=interpreted, Vv=VM code, C=native code)
V  [jvm.dll+0x5f840a]
V  [jvm.dll+0x741e4a]
V  [jvm.dll+0x7435ff]
V  [jvm.dll+0x743c43]
V  [jvm.dll+0x20d288]
V  [jvm.dll+0x5f57ba]
V  [jvm.dll+0x5ea615]
V  [jvm.dll+0x2c7e9c]
V  [jvm.dll+0x2c7cd2]
V  [jvm.dll+0x2cdbbc]
V  [jvm.dll+0x313ff8]
V  [jvm.dll+0x313720]
V  [jvm.dll+0x2a092a]
V  [jvm.dll+0x2a1a79]
V  [jvm.dll+0x71f718]
V  [jvm.dll+0x321c44]
V  [jvm.dll+0x700b0c]
V  [jvm.dll+0x392dff]
V  [jvm.dll+0x394e71]
C  [jli.dll+0x523b]
C  [ucrtbase.dll+0x20e82]
C  [KERNEL32.DLL+0x17bd4]
C  [ntdll.dll+0x6ce51]


---------------  P R O C E S S  ---------------

Threads class SMR info:
_java_thread_list=0x00007ffc40fa3078, length=0, elements={
}

Java Threads: ( => current thread )

Other Threads:
  0x00000270b9b26000 GCTaskThread "GC Thread#0" [stack: 0x000000e8e5a00000,0x000000e8e5b00000] [id=14396]
  0x00000270b9b38800 ConcurrentGCThread "G1 Main Marker" [stack: 0x000000e8e5b00000,0x000000e8e5c00000] [id=19780]
  0x00000270b9b3a000 ConcurrentGCThread "G1 Conc#0" [stack: 0x000000e8e5c00000,0x000000e8e5d00000] [id=15380]

[error occurred during error reporting (printing all threads), id 0xc0000005, EXCEPTION_ACCESS_VIOLATION (0xc0000005) at pc=0x00007ffc407d1257]

VM state:not at safepoint (not fully initialized)

VM Mutex/Monitor currently owned by a thread:  ([mutex/lock_event])
[0x00000270b9ae19e0] Heap_lock - owner thread: 0x00000270b9ae4800

Heap address: 0x0000000081400000, size: 2028 MB, Compressed Oops mode: 32-bit
Narrow klass base: 0x0000000000000000, Narrow klass shift: 0

GC Heap History (0 events):
No events

Deoptimization events (0 events):
No events

Classes unloaded (0 events):
No events

Classes redefined (0 events):
No events

Internal exceptions (0 events):
No events

Events (2 events):
Event: 0.012 Loaded shared library C:\Program Files\Java\jdk-14.0.1\bin\java.dll
Event: 0.014 Loaded shared library C:\Program Files\Java\jdk-14.0.1\bin\zip.dll


Dynamic libraries:
0x00007ff62d610000 - 0x00007ff62d61f000 	C:\Program Files\Java\jdk-14.0.1\bin\javaw.exe
0x00007ffc845e0000 - 0x00007ffc847d0000 	C:\WINDOWS\SYSTEM32\ntdll.dll
0x00007ffc82ff0000 - 0x00007ffc830a2000 	C:\WINDOWS\System32\KERNEL32.DLL
0x00007ffc81850000 - 0x00007ffc81af4000 	C:\WINDOWS\System32\KERNELBASE.dll
0x00007ffc816c0000 - 0x00007ffc817ba000 	C:\WINDOWS\System32\ucrtbase.dll
0x00007ffc7c6b0000 - 0x00007ffc7c6c5000 	C:\Program Files\Java\jdk-14.0.1\bin\VCRUNTIME140.dll
0x00007ffc6f160000 - 0x00007ffc6f178000 	C:\Program Files\Java\jdk-14.0.1\bin\jli.dll
0x00007ffc82a50000 - 0x00007ffc82af3000 	C:\WINDOWS\System32\ADVAPI32.dll
0x00007ffc833e0000 - 0x00007ffc8347e000 	C:\WINDOWS\System32\msvcrt.dll
0x00007ffc82920000 - 0x00007ffc829b7000 	C:\WINDOWS\System32\sechost.dll
0x00007ffc83110000 - 0x00007ffc83230000 	C:\WINDOWS\System32\RPCRT4.dll
0x00007ffc83a70000 - 0x00007ffc83c04000 	C:\WINDOWS\System32\USER32.dll
0x00007ffc82660000 - 0x00007ffc82681000 	C:\WINDOWS\System32\win32u.dll
0x00007ffc786d0000 - 0x00007ffc78954000 	C:\WINDOWS\WinSxS\amd64_microsoft.windows.common-controls_6595b64144ccf1df_6.0.18362.836_none_e6c4b943130f18ed\COMCTL32.dll
0x00007ffc83cb0000 - 0x00007ffc83cd6000 	C:\WINDOWS\System32\GDI32.dll
0x00007ffc83560000 - 0x00007ffc83896000 	C:\WINDOWS\System32\combase.dll
0x00007ffc824c0000 - 0x00007ffc82654000 	C:\WINDOWS\System32\gdi32full.dll
0x00007ffc823d0000 - 0x00007ffc82450000 	C:\WINDOWS\System32\bcryptPrimitives.dll
0x00007ffc81b00000 - 0x00007ffc81b9e000 	C:\WINDOWS\System32\msvcp_win.dll
0x00007ffc7ba00000 - 0x00007ffc7ba0a000 	C:\WINDOWS\SYSTEM32\VERSION.dll
0x00007ffc83c10000 - 0x00007ffc83c3e000 	C:\WINDOWS\System32\IMM32.DLL
0x00007ffc53dd0000 - 0x00007ffc53e6b000 	C:\Program Files\Java\jdk-14.0.1\bin\msvcp140.dll
0x00007ffc40520000 - 0x00007ffc4103e000 	C:\Program Files\Java\jdk-14.0.1\bin\server\jvm.dll
0x00007ffc84430000 - 0x00007ffc84438000 	C:\WINDOWS\System32\PSAPI.DLL
0x00007ffc7e9f0000 - 0x00007ffc7ea14000 	C:\WINDOWS\SYSTEM32\WINMM.dll
0x00007ffc7fff0000 - 0x00007ffc7fff9000 	C:\WINDOWS\SYSTEM32\WSOCK32.dll
0x00007ffc83a00000 - 0x00007ffc83a6f000 	C:\WINDOWS\System32\WS2_32.dll
0x00007ffc7e9c0000 - 0x00007ffc7e9ed000 	C:\WINDOWS\SYSTEM32\winmmbase.dll
0x00007ffc82450000 - 0x00007ffc8249a000 	C:\WINDOWS\System32\cfgmgr32.dll
0x00007ffc814e0000 - 0x00007ffc814f1000 	C:\WINDOWS\System32\kernel.appcore.dll
0x00007ffc7bc20000 - 0x00007ffc7bc2a000 	C:\Program Files\Java\jdk-14.0.1\bin\jimage.dll
0x00007ffc7fdb0000 - 0x00007ffc7ffa4000 	C:\WINDOWS\SYSTEM32\DBGHELP.DLL
0x00007ffc6fd20000 - 0x00007ffc6fd4a000 	C:\WINDOWS\SYSTEM32\dbgcore.DLL
0x00007ffc64c10000 - 0x00007ffc64c35000 	C:\Program Files\Java\jdk-14.0.1\bin\java.dll
0x00007ffc63800000 - 0x00007ffc63816000 	C:\Program Files\Java\jdk-14.0.1\bin\zip.dll

dbghelp: loaded successfully - version: 4.0.5 - missing functions: none
symbol engine: initialized successfully - sym options: 0x614 - pdb path: .;C:\Program Files\Java\jdk-14.0.1\bin;C:\WINDOWS\SYSTEM32;C:\WINDOWS\WinSxS\amd64_microsoft.windows.common-controls_6595b64144ccf1df_6.0.18362.836_none_e6c4b943130f18ed;C:\Program Files\Java\jdk-14.0.1\bin\server

VM Arguments:
jvm_args: -Dfile.encoding=Cp1252 
java_command: Tokenize
java_class_path (initial): C:\Users\nvuggam\eclipse-workspace\1\target\classes;C:\Users\nvuggam\Downloads\slf4j-simple-2.0.0-alpha1.jar;C:\Users\nvuggam\Downloads\log4j-api-2.13.2.jar;C:\Users\nvuggam\Downloads\slf4j-api-2.0.0-alpha1.jar;C:\Users\nvuggam\.m2\repository\com\github\javaparser\javaparser-core\3.15.21\javaparser-core-3.15.21.jar;C:\Users\nvuggam\.m2\repository\fr\inria\gforge\spoon\labs\gumtree-spoon-ast-diff\1.24\gumtree-spoon-ast-diff-1.24.jar;C:\Users\nvuggam\.m2\repository\fr\inria\gforge\spoon\spoon-core\8.0.0\spoon-core-8.0.0.jar;C:\Users\nvuggam\.m2\repository\org\eclipse\jdt\org.eclipse.jdt.core\3.16.0\org.eclipse.jdt.core-3.16.0.jar;C:\Users\nvuggam\.m2\repository\org\eclipse\platform\org.eclipse.core.resources\3.13.700\org.eclipse.core.resources-3.13.700.jar;C:\Users\nvuggam\.m2\repository\org\eclipse\platform\org.eclipse.core.expressions\3.6.700\org.eclipse.core.expressions-3.6.700.jar;C:\Users\nvuggam\.m2\repository\org\eclipse\platform\org.eclipse.core.runtime\3.17.100\org.eclipse.core.runtime-3.17.100.jar;C:\Users\nvuggam\.m2\repository\org\eclipse\platform\org.eclipse.osgi\3.15.200\org.eclipse.osgi-3.15.200.jar;C:\Users\nvuggam\.m2\repository\org\eclipse\platform\org.eclipse.equinox.common\3.11.0\org.eclipse.equinox.common-3.11.0.jar;C:\Users\nvuggam\.m2\repository\org\eclipse\platform\org.eclipse.core.jobs\3.10.700\org.eclipse.core.jobs-3.10.700.jar;C:\Users\nvuggam\.m2\repository\org\eclipse\platform\org.eclipse.equinox.registry\3.8.700\org.eclipse.equinox.registry-3.8.700.jar;C:\Users\nvuggam\.m2\repository\org\eclipse\platform\org.eclipse.equinox.preferences\3.7.700\org.eclipse.equinox.preferences-3.7.700.jar;C:\Users\nvuggam\.m2\repository\org\eclipse\platform\org.eclipse.core.contenttype\3.7.600\org.eclipse.core.contenttype-3.7.600.jar;C:\Users\nvuggam\.m2\repository\org\eclipse\platform\org.eclipse.equinox.app\1.4.400\org.eclipse.equinox.app-1.4.400.jar;C:\Users\nvuggam\.m2\repository\org\eclipse\platform\org.eclipse.core.filesys
Launcher Type: SUN_STANDARD

[Global flags]
     intx CICompilerCount                          = 3                                         {product} {ergonomic}
     uint ConcGCThreads                            = 1                                         {product} {ergonomic}
     uint G1ConcRefinementThreads                  = 4                                         {product} {ergonomic}
   size_t G1HeapRegionSize                         = 1048576                                   {product} {ergonomic}
    uintx GCDrainStackTargetSize                   = 64                                        {product} {ergonomic}
   size_t InitialHeapSize                          = 134217728                                 {product} {ergonomic}
   size_t MarkStackSize                            = 4194304                                   {product} {ergonomic}
   size_t MaxHeapSize                              = 2126512128                                {product} {ergonomic}
   size_t MinHeapDeltaBytes                        = 1048576                                   {product} {ergonomic}
   size_t MinHeapSize                              = 8388608                                   {product} {ergonomic}
    uintx NonNMethodCodeHeapSize                   = 5832780                                {pd product} {ergonomic}
    uintx NonProfiledCodeHeapSize                  = 122912730                              {pd product} {ergonomic}
    uintx ProfiledCodeHeapSize                     = 122912730                              {pd product} {ergonomic}
    uintx ReservedCodeCacheSize                    = 251658240                              {pd product} {ergonomic}
     bool SegmentedCodeCache                       = true                                      {product} {ergonomic}
   size_t SoftMaxHeapSize                          = 2126512128                             {manageable} {ergonomic}
     bool UseCompressedClassPointers               = true                                 {lp64_product} {ergonomic}
     bool UseCompressedOops                        = true                                 {lp64_product} {ergonomic}
     bool UseG1GC                                  = true                                      {product} {ergonomic}
     bool UseLargePagesIndividualAllocation        = false                                  {pd product} {ergonomic}

Logging:
Log output configuration:
 #0: stdout all=warning uptime,level,tags
 #1: stderr all=off uptime,level,tags

Environment Variables:
PATH=C:/Program Files/Java/jdk-14.0.1/bin/server;C:/Program Files/Java/jdk-14.0.1/bin;C:\Program Files (x86)\Intel\iCLS Client\;C:\Program Files\Intel\iCLS Client\;C:\WINDOWS\system32;C:\WINDOWS;C:\WINDOWS\System32\Wbem;C:\WINDOWS\System32\WindowsPowerShell\v1.0\;C:\Program Files (x86)\Intel\Intel(R) Management Engine Components\DAL;C:\Program Files\Intel\Intel(R) Management Engine Components\DAL;C:\Program Files (x86)\Intel\Intel(R) Management Engine Components\IPT;C:\Program Files\Intel\Intel(R) Management Engine Components\IPT;C:\WINDOWS\System32\OpenSSH\;C:\Program Files\Git\cmd;C:\Users\nvuggam\Downloads\apache-maven-3.6.3-bin\apache-maven-3.6.3\bin;C:\Program Files\Java\jdk-14.0.1\bin;C:\Users\nvuggam\Desktop;
USERNAME=nvuggam
OS=Windows_NT
PROCESSOR_IDENTIFIER=Intel64 Family 6 Model 142 Stepping 9, GenuineIntel



---------------  S Y S T E M  ---------------

OS: Windows 10 , 64 bit Build 18362 (10.0.18362.778)
OS uptime: 1 days 18:09 hours

CPU:total 4 (initial active 4) (2 cores per cpu, 2 threads per core) family 6 model 142 stepping 9, cmov, cx8, fxsr, mmx, sse, sse2, sse3, ssse3, sse4.1, sse4.2, popcnt, avx, avx2, aes, clmul, erms, 3dnowpref, lzcnt, ht, tsc, tscinvbit, bmi1, bmi2, adx, fma

Memory: 4k page, system-wide physical 8109M (3152M free)
TotalPageFile size 32685M (AvailPageFile size 87M)
current process WorkingSet (physical memory assigned to process): 10M, peak: 10M
current process commit charge ("private bytes"): 52M, peak: 180M

vm_info: Java HotSpot(TM) 64-Bit Server VM (14.0.1+7) for windows-amd64 JRE (14.0.1+7), built on Mar  5 2020 10:30:14 by "mach5one" with MS VC++ 15.9 (VS2017)

END.
